This is pdfTeX, Version 3.141592653-2.6-1.40.22 (TeX Live 2021) (preloaded format=pdflatex 2021.11.10)  1 FEB 2022 16:17
entering extended mode
 restricted \write18 enabled.
 %&-line parsing enabled.
**stillwaterplumes.tex
(./stillwaterplumes.tex
LaTeX2e <2020-10-01> patch level 4
L3 programming layer <2021-02-18> (./jfm.cls
Document Class: jfm 2006/11/13 v1.27 Journal of Fluid Mechanics document class
(/usr/local/texlive/2021/texmf-dist/tex/latex/graphics/graphicx.sty
Package: graphicx 2020/09/09 v1.2b Enhanced LaTeX Graphics (DPC,SPQR)

(/usr/local/texlive/2021/texmf-dist/tex/latex/graphics/keyval.sty
Package: keyval 2014/10/28 v1.15 key=value parser (DPC)
\KV@toks@=\toks15
)
(/usr/local/texlive/2021/texmf-dist/tex/latex/graphics/graphics.sty
Package: graphics 2020/08/30 v1.4c Standard LaTeX Graphics (DPC,SPQR)

(/usr/local/texlive/2021/texmf-dist/tex/latex/graphics/trig.sty
Package: trig 2016/01/03 v1.10 sin cos tan (DPC)
)
(/usr/local/texlive/2021/texmf-dist/tex/latex/graphics-cfg/graphics.cfg
File: graphics.cfg 2016/06/04 v1.11 sample graphics configuration
)
Package graphics Info: Driver file: pdftex.def on input line 105.

(/usr/local/texlive/2021/texmf-dist/tex/latex/graphics-def/pdftex.def
File: pdftex.def 2020/10/05 v1.2a Graphics/color driver for pdftex
))
\Gin@req@height=\dimen138
\Gin@req@width=\dimen139
)

LaTeX Font Warning: Font shape `OT1/cmr/m/n' in size <10.5> not available
(Font)              size <10.95> substituted on input line 93.

LaTeX Info: Redefining \textsfbi on input line 182.
LaTeX Font Info:    Redeclaring math alphabet \mathsfbi on input line 182.
LaTeX Font Info:    Overwriting math alphabet `\mathsfbi' in version `normal'
(Font)                  OT1/cmss/m/sl --> T1/phv/b/it on input line 182.
LaTeX Font Info:    Overwriting math alphabet `\mathsfbi' in version `bold'
(Font)                  OT1/cmss/m/sl --> T1/phv/b/it on input line 182.
LaTeX Info: Redefining \textsfbi on input line 186.
LaTeX Font Info:    Redeclaring math alphabet \mathsfbi on input line 186.
LaTeX Font Info:    Overwriting math alphabet `\mathsfbi' in version `normal'
(Font)                  T1/phv/b/it --> OT1/phv/b/it on input line 186.
LaTeX Font Info:    Overwriting math alphabet `\mathsfbi' in version `bold'
(Font)                  T1/phv/b/it --> OT1/phv/b/it on input line 186.
\halflineskip=\skip47
\affilskip=\skip48
\c@part=\count179
\c@section=\count180
\c@subsection=\count181
\c@subsubsection=\count182
\c@paragraph=\count183
\c@refsection=\count184
\@indentskip=\skip49
\smallindent=\skip50
\@footindent=\skip51
\@leftskip=\skip52
\proofbox=\box47
\rpbdim=\skip53
\@stequation=\toks16
\c@subequation=\count185
(/usr/local/texlive/2021/texmf-dist/tex/latex/graphics/color.sty
Package: color 2020/02/24 v1.2b Standard LaTeX Color (DPC)

(/usr/local/texlive/2021/texmf-dist/tex/latex/graphics-cfg/color.cfg
File: color.cfg 2016/01/02 v1.6 sample color configuration
)
Package color Info: Driver file: pdftex.def on input line 147.
)
(/usr/local/texlive/2021/texmf-dist/tex/latex/caption/caption.sty
Package: caption 2020/10/26 v3.5g Customizing captions (AR)

(/usr/local/texlive/2021/texmf-dist/tex/latex/caption/caption3.sty
Package: caption3 2020/10/21 v2.2e caption3 kernel (AR)
\captionmargin=\dimen140
\captionmargin@=\dimen141
\captionwidth=\dimen142
\caption@tempdima=\dimen143
\caption@indent=\dimen144
\caption@parindent=\dimen145
\caption@hangindent=\dimen146
\abovecaptionskip=\skip54
\belowcaptionskip=\skip55
Package caption Info: Document class w/o caption stuff detected.
)
\c@caption@flags=\count186
\c@continuedfloat=\count187
)
\c@table=\count188
\c@figure=\count189
LaTeX Info: Redefining \cite on input line 1205.
\astrutbox=\box48


Found the 'amsbsy' package on the system, using it.

(/usr/local/texlive/2021/texmf-dist/tex/latex/amsmath/amsbsy.sty
Package: amsbsy 1999/11/29 v1.2d Bold Symbols

(/usr/local/texlive/2021/texmf-dist/tex/latex/amsmath/amsgen.sty
File: amsgen.sty 1999/11/30 v2.0 generic functions
\@emptytoks=\toks17
\ex@=\dimen147
)
\pmbraise@=\dimen148
)


Found AMS Euler Roman fonts on the system, using the 'upmath' package.

(./upmath.sty
Package: upmath 1996/10/20 v1.0 CUP LaTeX2e package
\c@mv@upright=\count190
\c@mv@boldupright=\count191
LaTeX Font Info:    Overwriting symbol font `letters' in version `upright'
(Font)                  OML/cmm/m/it --> OML/eur/m/n on input line 65.
LaTeX Font Info:    Overwriting symbol font `letters' in version `boldupright'
(Font)                  OML/cmm/m/it --> OML/eur/b/n on input line 66.
)


Found AMS Symbol fonts on the system, using the 'amssymb' package.

(/usr/local/texlive/2021/texmf-dist/tex/latex/amsfonts/amssymb.sty
Package: amssymb 2013/01/14 v3.01 AMS font symbols

(/usr/local/texlive/2021/texmf-dist/tex/latex/amsfonts/amsfonts.sty
Package: amsfonts 2013/01/14 v3.01 Basic AMSFonts support
\symAMSa=\mathgroup4
\symAMSb=\mathgroup5
LaTeX Font Info:    Redeclaring math symbol \hbar on input line 98.
LaTeX Font Info:    Overwriting math alphabet `\mathfrak' in version `bold'
(Font)                  U/euf/m/n --> U/euf/b/n on input line 106.
))
\c@savesecnumdepth=\count192
)
(/usr/local/texlive/2021/texmf-dist/tex/latex/newtx/newtxtext.sty
Package: newtxtext 2020/09/19 v1.630

`newtxtext' v1.630, 2020/09/19 Text macros taking advantage of TeX-Gyre Termes 
fonts (msharpe)
(/usr/local/texlive/2021/texmf-dist/tex/latex/fontaxes/fontaxes.sty
Package: fontaxes 2020/07/21 v1.0e Font selection axes
LaTeX Info: Redefining \upshape on input line 29.
LaTeX Info: Redefining \itshape on input line 31.
LaTeX Info: Redefining \slshape on input line 33.
LaTeX Info: Redefining \swshape on input line 35.
LaTeX Info: Redefining \scshape on input line 37.
LaTeX Info: Redefining \sscshape on input line 39.
LaTeX Info: Redefining \ulcshape on input line 41.
LaTeX Info: Redefining \textsw on input line 47.
LaTeX Info: Redefining \textssc on input line 48.
LaTeX Info: Redefining \textulc on input line 49.
)
\ntx@fs=\dimen149

(/usr/local/texlive/2021/texmf-dist/tex/latex/xkeyval/xkeyval.sty
Package: xkeyval 2020/11/20 v2.8 package option processing (HA)

(/usr/local/texlive/2021/texmf-dist/tex/generic/xkeyval/xkeyval.tex
(/usr/local/texlive/2021/texmf-dist/tex/generic/xkeyval/xkvutils.tex
\XKV@toks=\toks18
\XKV@tempa@toks=\toks19
)
\XKV@depth=\count193
File: xkeyval.tex 2014/12/03 v2.7a key=value parser (HA)
))
(/usr/local/texlive/2021/texmf-dist/tex/latex/etoolbox/etoolbox.sty
Package: etoolbox 2020/10/05 v2.5k e-TeX tools for LaTeX (JAW)
\etb@tempcnta=\count194
)
(/usr/local/texlive/2021/texmf-dist/tex/generic/xstring/xstring.sty
(/usr/local/texlive/2021/texmf-dist/tex/generic/xstring/xstring.tex
\integerpart=\count195
\decimalpart=\count196
)
Package: xstring 2019/02/06 v1.83 String manipulations (CT)
)
(/usr/local/texlive/2021/texmf-dist/tex/latex/base/ifthen.sty
Package: ifthen 2014/09/29 v1.1c Standard LaTeX ifthen package (DPC)
)
(/usr/local/texlive/2021/texmf-dist/tex/latex/carlisle/scalefnt.sty)
(/usr/local/texlive/2021/texmf-dist/tex/latex/base/fontenc.sty
Package: fontenc 2020/08/10 v2.0s Standard LaTeX package
LaTeX Font Info:    Trying to load font information for T1+ntxtlf on input line
 112.

(/usr/local/texlive/2021/texmf-dist/tex/latex/newtx/t1ntxtlf.fd
File: t1ntxtlf.fd 2015/01/17 v1.0 font definition file for T1/ntx/tlf
)
LaTeX Font Info:    Font shape `T1/ntxtlf/m/n' will be
(Font)              scaled to size 10.5pt on input line 112.
)
(/usr/local/texlive/2021/texmf-dist/tex/latex/base/textcomp.sty
Package: textcomp 2020/02/02 v2.0n Standard LaTeX package
LaTeX Font Info:    Changing ? sub-encoding to TS1/0 on input line 75.
)
\ntxt@cntz=\count197
LaTeX Font Info:    Redeclaring math symbol \mathsterling on input line 316.
)
(/usr/local/texlive/2021/texmf-dist/tex/latex/newtx/newtxmath.sty
Package: newtxmath 2020/12/20 v1.640

`newtxmath' v1.640, 2020/12/20 Math macros based originally on txfonts (msharpe
) (/usr/local/texlive/2021/texmf-dist/tex/latex/amsmath/amsmath.sty
Package: amsmath 2020/09/23 v2.17i AMS math features
\@mathmargin=\skip56

For additional information on amsmath, use the `?' option.
(/usr/local/texlive/2021/texmf-dist/tex/latex/amsmath/amstext.sty
Package: amstext 2000/06/29 v2.01 AMS text
)
(/usr/local/texlive/2021/texmf-dist/tex/latex/amsmath/amsopn.sty
Package: amsopn 2016/03/08 v2.02 operator names
)
\inf@bad=\count198
LaTeX Info: Redefining \frac on input line 234.
\uproot@=\count199
\leftroot@=\count266
LaTeX Info: Redefining \overline on input line 399.
\classnum@=\count267
\DOTSCASE@=\count268
LaTeX Info: Redefining \ldots on input line 496.
LaTeX Info: Redefining \dots on input line 499.
LaTeX Info: Redefining \cdots on input line 620.
\Mathstrutbox@=\box49
\strutbox@=\box50
\big@size=\dimen150
LaTeX Font Info:    Redeclaring font encoding OML on input line 743.
LaTeX Font Info:    Redeclaring font encoding OMS on input line 744.
\macc@depth=\count269
\c@MaxMatrixCols=\count270
\dotsspace@=\muskip16
\c@parentequation=\count271
\dspbrk@lvl=\count272
\tag@help=\toks20
\row@=\count273
\column@=\count274
\maxfields@=\count275
\andhelp@=\toks21
\eqnshift@=\dimen151
\alignsep@=\dimen152
\tagshift@=\dimen153
\tagwidth@=\dimen154
\totwidth@=\dimen155
\lineht@=\dimen156
\@envbody=\toks22
\multlinegap=\skip57
\multlinetaggap=\skip58
\mathdisplay@stack=\toks23
LaTeX Info: Redefining \[ on input line 2923.
LaTeX Info: Redefining \] on input line 2924.
)
(/usr/local/texlive/2021/texmf-dist/tex/generic/iftex/ifxetex.sty
Package: ifxetex 2019/10/25 v0.7 ifxetex legacy package. Use iftex instead.

(/usr/local/texlive/2021/texmf-dist/tex/generic/iftex/iftex.sty
Package: iftex 2020/03/06 v1.0d TeX engine tests
))
(/usr/local/texlive/2021/texmf-dist/tex/generic/iftex/ifluatex.sty
Package: ifluatex 2019/10/25 v1.5 ifluatex legacy package. Use iftex instead.
)
(/usr/local/texlive/2021/texmf-dist/tex/latex/oberdiek/centernot.sty
Package: centernot 2016/05/16 v1.4 Centers the not symbol horizontally (HO)
)
\tx@cntz=\count276

(/usr/local/texlive/2021/texmf-dist/tex/generic/kastrup/binhex.tex)
\tx@Isdigit=\count277
\tx@IsAlNum=\count278
\tx@tA=\toks24
\tx@tB=\toks25
\tx@su=\read2
LaTeX Font Info:    Redeclaring symbol font `operators' on input line 360.
LaTeX Font Info:    Overwriting symbol font `operators' in version `normal'
(Font)                  OT1/cmr/m/n --> OT1/ntxtlf/m/n on input line 360.
LaTeX Font Info:    Overwriting symbol font `operators' in version `bold'
(Font)                  OT1/cmr/bx/n --> OT1/ntxtlf/m/n on input line 360.
LaTeX Font Info:    Overwriting symbol font `operators' in version `upright'
(Font)                  OT1/cmr/m/n --> OT1/ntxtlf/m/n on input line 360.
LaTeX Font Info:    Overwriting symbol font `operators' in version `boldupright
'
(Font)                  OT1/cmr/m/n --> OT1/ntxtlf/m/n on input line 360.
LaTeX Font Info:    Overwriting symbol font `operators' in version `bold'
(Font)                  OT1/ntxtlf/m/n --> OT1/ntxtlf/b/n on input line 361.
LaTeX Font Info:    Redeclaring math alphabet \mathsf on input line 369.
LaTeX Font Info:    Overwriting math alphabet `\mathsf' in version `normal'
(Font)                  OT1/cmss/m/n --> T1/qhv/m/n on input line 369.
LaTeX Font Info:    Overwriting math alphabet `\mathsf' in version `bold'
(Font)                  OT1/cmss/bx/n --> T1/qhv/m/n on input line 369.
LaTeX Font Info:    Overwriting math alphabet `\mathsf' in version `upright'
(Font)                  OT1/cmss/m/n --> T1/qhv/m/n on input line 369.
LaTeX Font Info:    Overwriting math alphabet `\mathsf' in version `boldupright
'
(Font)                  OT1/cmss/m/n --> T1/qhv/m/n on input line 369.
LaTeX Font Info:    Redeclaring math alphabet \mathit on input line 370.
LaTeX Font Info:    Overwriting math alphabet `\mathit' in version `normal'
(Font)                  OT1/cmr/m/it --> OT1/ntxtlf/m/it on input line 370.
LaTeX Font Info:    Overwriting math alphabet `\mathit' in version `bold'
(Font)                  OT1/cmr/bx/it --> OT1/ntxtlf/m/it on input line 370.
LaTeX Font Info:    Overwriting math alphabet `\mathit' in version `upright'
(Font)                  OT1/cmr/m/it --> OT1/ntxtlf/m/it on input line 370.
LaTeX Font Info:    Overwriting math alphabet `\mathit' in version `boldupright
'
(Font)                  OT1/cmr/m/it --> OT1/ntxtlf/m/it on input line 370.
LaTeX Font Info:    Redeclaring math alphabet \mathtt on input line 371.
LaTeX Font Info:    Overwriting math alphabet `\mathtt' in version `normal'
(Font)                  OT1/cmtt/m/n --> T1/ntxtt/m/n on input line 371.
LaTeX Font Info:    Overwriting math alphabet `\mathtt' in version `bold'
(Font)                  OT1/cmtt/m/n --> T1/ntxtt/m/n on input line 371.
LaTeX Font Info:    Overwriting math alphabet `\mathtt' in version `upright'
(Font)                  OT1/cmtt/m/n --> T1/ntxtt/m/n on input line 371.
LaTeX Font Info:    Overwriting math alphabet `\mathtt' in version `boldupright
'
(Font)                  OT1/cmtt/m/n --> T1/ntxtt/m/n on input line 371.
LaTeX Font Info:    Redeclaring math alphabet \mathbf on input line 373.
LaTeX Font Info:    Overwriting math alphabet `\mathbf' in version `normal'
(Font)                  OT1/cmr/bx/n --> OT1/ntxtlf/b/n on input line 373.
LaTeX Font Info:    Overwriting math alphabet `\mathbf' in version `bold'
(Font)                  OT1/cmr/bx/n --> OT1/ntxtlf/b/n on input line 373.
LaTeX Font Info:    Overwriting math alphabet `\mathbf' in version `upright'
(Font)                  OT1/cmr/bx/n --> OT1/ntxtlf/b/n on input line 373.
LaTeX Font Info:    Overwriting math alphabet `\mathbf' in version `boldupright
'
(Font)                  OT1/cmr/bx/n --> OT1/ntxtlf/b/n on input line 373.
LaTeX Font Info:    Overwriting math alphabet `\mathit' in version `bold'
(Font)                  OT1/ntxtlf/m/it --> OT1/ntxtlf/b/it on input line 374.
LaTeX Font Info:    Overwriting math alphabet `\mathsf' in version `bold'
(Font)                  T1/qhv/m/n --> T1/qhv/b/n on input line 375.
LaTeX Font Info:    Overwriting math alphabet `\mathtt' in version `bold'
(Font)                  T1/ntxtt/m/n --> T1/ntxtt/b/n on input line 376.
LaTeX Font Info:    Redeclaring symbol font `letters' on input line 477.
LaTeX Font Info:    Overwriting symbol font `letters' in version `normal'
(Font)                  OML/cmm/m/it --> OML/ntxmi/m/it on input line 477.
LaTeX Font Info:    Overwriting symbol font `letters' in version `bold'
(Font)                  OML/cmm/b/it --> OML/ntxmi/m/it on input line 477.
LaTeX Font Info:    Overwriting symbol font `letters' in version `upright'
(Font)                  OML/eur/m/n --> OML/ntxmi/m/it on input line 477.
LaTeX Font Info:    Overwriting symbol font `letters' in version `boldupright'
(Font)                  OML/eur/b/n --> OML/ntxmi/m/it on input line 477.
LaTeX Font Info:    Overwriting symbol font `letters' in version `bold'
(Font)                  OML/ntxmi/m/it --> OML/ntxmi/b/it on input line 478.
\symlettersA=\mathgroup6
LaTeX Font Info:    Overwriting symbol font `lettersA' in version `bold'
(Font)                  U/ntxmia/m/it --> U/ntxmia/b/it on input line 542.
LaTeX Font Info:    Redeclaring math alphabet \mathfrak on input line 544.
Now handling font encoding LMS ...
... no UTF-8 mapping file for font encoding LMS
LaTeX Font Info:    Redeclaring symbol font `symbols' on input line 563.
LaTeX Font Info:    Encoding `OMS' has changed to `LMS' for symbol font
(Font)              `symbols' in the math version `normal' on input line 563.
LaTeX Font Info:    Overwriting symbol font `symbols' in version `normal'
(Font)                  OMS/cmsy/m/n --> LMS/ntxsy/m/n on input line 563.
LaTeX Font Info:    Encoding `OMS' has changed to `LMS' for symbol font
(Font)              `symbols' in the math version `bold' on input line 563.
LaTeX Font Info:    Overwriting symbol font `symbols' in version `bold'
(Font)                  OMS/cmsy/b/n --> LMS/ntxsy/m/n on input line 563.
LaTeX Font Info:    Encoding `OMS' has changed to `LMS' for symbol font
(Font)              `symbols' in the math version `upright' on input line 563.
LaTeX Font Info:    Overwriting symbol font `symbols' in version `upright'
(Font)                  OMS/cmsy/m/n --> LMS/ntxsy/m/n on input line 563.
LaTeX Font Info:    Encoding `OMS' has changed to `LMS' for symbol font
(Font)              `symbols' in the math version `boldupright' on input line 5
63.
LaTeX Font Info:    Overwriting symbol font `symbols' in version `boldupright'
(Font)                  OMS/cmsy/m/n --> LMS/ntxsy/m/n on input line 563.
LaTeX Font Info:    Overwriting symbol font `symbols' in version `bold'
(Font)                  LMS/ntxsy/m/n --> LMS/ntxsy/b/n on input line 564.
\symAMSm=\mathgroup7
LaTeX Font Info:    Overwriting symbol font `AMSm' in version `bold'
(Font)                  U/ntxsym/m/n --> U/ntxsym/b/n on input line 587.
\symsymbolsC=\mathgroup8
LaTeX Font Info:    Overwriting symbol font `symbolsC' in version `bold'
(Font)                  U/ntxsyc/m/n --> U/ntxsyc/b/n on input line 608.
Now handling font encoding LMX ...
... no UTF-8 mapping file for font encoding LMX
LaTeX Font Info:    Redeclaring symbol font `largesymbols' on input line 621.
LaTeX Font Info:    Encoding `OMX' has changed to `LMX' for symbol font
(Font)              `largesymbols' in the math version `normal' on input line 6
21.
LaTeX Font Info:    Overwriting symbol font `largesymbols' in version `normal'
(Font)                  OMX/cmex/m/n --> LMX/ntxexx/m/n on input line 621.
LaTeX Font Info:    Encoding `OMX' has changed to `LMX' for symbol font
(Font)              `largesymbols' in the math version `bold' on input line 621
.
LaTeX Font Info:    Overwriting symbol font `largesymbols' in version `bold'
(Font)                  OMX/cmex/m/n --> LMX/ntxexx/m/n on input line 621.
LaTeX Font Info:    Encoding `OMX' has changed to `LMX' for symbol font
(Font)              `largesymbols' in the math version `upright' on input line 
621.
LaTeX Font Info:    Overwriting symbol font `largesymbols' in version `upright'

(Font)                  OMX/cmex/m/n --> LMX/ntxexx/m/n on input line 621.
LaTeX Font Info:    Encoding `OMX' has changed to `LMX' for symbol font
(Font)              `largesymbols' in the math version `boldupright' on input l
ine 621.
LaTeX Font Info:    Overwriting symbol font `largesymbols' in version `boldupri
ght'
(Font)                  OMX/cmex/m/n --> LMX/ntxexx/m/n on input line 621.
LaTeX Font Info:    Overwriting symbol font `largesymbols' in version `bold'
(Font)                  LMX/ntxexx/m/n --> LMX/ntxexx/b/n on input line 622.
\symlargesymbolsTXA=\mathgroup9
LaTeX Font Info:    Overwriting symbol font `largesymbolsTXA' in version `bold'

(Font)                  U/ntxexa/m/n --> U/ntxexa/b/n on input line 636.
\tx@sbptoks=\toks26
LaTeX Font Info:    Redeclaring math delimiter \lfloor on input line 858.
LaTeX Font Info:    Redeclaring math delimiter \rfloor on input line 859.
LaTeX Font Info:    Redeclaring math delimiter \lceil on input line 860.
LaTeX Font Info:    Redeclaring math delimiter \rceil on input line 861.
LaTeX Font Info:    Redeclaring math delimiter \lbrace on input line 862.
LaTeX Font Info:    Redeclaring math delimiter \rbrace on input line 863.
LaTeX Font Info:    Redeclaring math delimiter \langle on input line 864.
LaTeX Font Info:    Redeclaring math delimiter \rangle on input line 866.
LaTeX Font Info:    Redeclaring math delimiter \arrowvert on input line 870.
LaTeX Font Info:    Redeclaring math delimiter \vert on input line 871.
LaTeX Font Info:    Redeclaring math accent \dot on input line 942.
LaTeX Font Info:    Redeclaring math accent \ddot on input line 943.
LaTeX Font Info:    Redeclaring math accent \vec on input line 2006.
LaTeX Font Info:    Redeclaring math symbol \imathscr on input line 2646.
LaTeX Font Info:    Redeclaring math symbol \jmathscr on input line 2647.
LaTeX Info: Redefining \Bbbk on input line 2780.
LaTeX Info: Redefining \not on input line 2929.
)
(/usr/local/texlive/2021/texmf-dist/tex/latex/natbib/natbib.sty
Package: natbib 2010/09/13 8.31b (PWD, AO)
\bibhang=\skip59
\bibsep=\skip60
LaTeX Info: Redefining \cite on input line 694.
\c@NAT@ctr=\count279
)
(/usr/local/texlive/2021/texmf-dist/tex/latex/hyperref/hyperref.sty
Package: hyperref 2021-02-27 v7.00k Hypertext links for LaTeX

(/usr/local/texlive/2021/texmf-dist/tex/generic/ltxcmds/ltxcmds.sty
Package: ltxcmds 2020-05-10 v1.25 LaTeX kernel commands for general use (HO)
)
(/usr/local/texlive/2021/texmf-dist/tex/generic/pdftexcmds/pdftexcmds.sty
Package: pdftexcmds 2020-06-27 v0.33 Utility functions of pdfTeX for LuaTeX (HO
)

(/usr/local/texlive/2021/texmf-dist/tex/generic/infwarerr/infwarerr.sty
Package: infwarerr 2019/12/03 v1.5 Providing info/warning/error messages (HO)
)
Package pdftexcmds Info: \pdf@primitive is available.
Package pdftexcmds Info: \pdf@ifprimitive is available.
Package pdftexcmds Info: \pdfdraftmode found.
)
(/usr/local/texlive/2021/texmf-dist/tex/generic/kvsetkeys/kvsetkeys.sty
Package: kvsetkeys 2019/12/15 v1.18 Key value parser (HO)
)
(/usr/local/texlive/2021/texmf-dist/tex/generic/kvdefinekeys/kvdefinekeys.sty
Package: kvdefinekeys 2019-12-19 v1.6 Define keys (HO)
)
(/usr/local/texlive/2021/texmf-dist/tex/generic/pdfescape/pdfescape.sty
Package: pdfescape 2019/12/09 v1.15 Implements pdfTeX's escape features (HO)
)
(/usr/local/texlive/2021/texmf-dist/tex/latex/hycolor/hycolor.sty
Package: hycolor 2020-01-27 v1.10 Color options for hyperref/bookmark (HO)
)
(/usr/local/texlive/2021/texmf-dist/tex/latex/letltxmacro/letltxmacro.sty
Package: letltxmacro 2019/12/03 v1.6 Let assignment for LaTeX macros (HO)
)
(/usr/local/texlive/2021/texmf-dist/tex/latex/auxhook/auxhook.sty
Package: auxhook 2019-12-17 v1.6 Hooks for auxiliary files (HO)
)
(/usr/local/texlive/2021/texmf-dist/tex/latex/kvoptions/kvoptions.sty
Package: kvoptions 2020-10-07 v3.14 Key value format for package options (HO)
)
\@linkdim=\dimen157
\Hy@linkcounter=\count280
\Hy@pagecounter=\count281

(/usr/local/texlive/2021/texmf-dist/tex/latex/hyperref/pd1enc.def
File: pd1enc.def 2021-02-27 v7.00k Hyperref: PDFDocEncoding definition (HO)
Now handling font encoding PD1 ...
... no UTF-8 mapping file for font encoding PD1
)
(/usr/local/texlive/2021/texmf-dist/tex/latex/hyperref/hyperref-langpatches.def
File: hyperref-langpatches.def 2021-02-27 v7.00k Hyperref: patches for babel la
nguages
) (/usr/local/texlive/2021/texmf-dist/tex/generic/intcalc/intcalc.sty
Package: intcalc 2019/12/15 v1.3 Expandable calculations with integers (HO)
)
(/usr/local/texlive/2021/texmf-dist/tex/generic/etexcmds/etexcmds.sty
Package: etexcmds 2019/12/15 v1.7 Avoid name clashes with e-TeX commands (HO)
)
\Hy@SavedSpaceFactor=\count282

(/usr/local/texlive/2021/texmf-dist/tex/latex/hyperref/puenc.def
File: puenc.def 2021-02-27 v7.00k Hyperref: PDF Unicode definition (HO)
Now handling font encoding PU ...
... no UTF-8 mapping file for font encoding PU
)
Package hyperref Info: Hyper figures OFF on input line 4192.
Package hyperref Info: Link nesting OFF on input line 4197.
Package hyperref Info: Hyper index ON on input line 4200.
Package hyperref Info: Plain pages OFF on input line 4207.
Package hyperref Info: Backreferencing OFF on input line 4212.
Package hyperref Info: Implicit mode ON; LaTeX internals redefined.
Package hyperref Info: Bookmarks ON on input line 4445.
\c@Hy@tempcnt=\count283

(/usr/local/texlive/2021/texmf-dist/tex/latex/url/url.sty
\Urlmuskip=\muskip17
Package: url 2013/09/16  ver 3.4  Verb mode for urls, etc.
)
LaTeX Info: Redefining \url on input line 4804.
\XeTeXLinkMargin=\dimen158

(/usr/local/texlive/2021/texmf-dist/tex/generic/bitset/bitset.sty
Package: bitset 2019/12/09 v1.3 Handle bit-vector datatype (HO)

(/usr/local/texlive/2021/texmf-dist/tex/generic/bigintcalc/bigintcalc.sty
Package: bigintcalc 2019/12/15 v1.5 Expandable calculations on big integers (HO
)
))
\Fld@menulength=\count284
\Field@Width=\dimen159
\Fld@charsize=\dimen160
Package hyperref Info: Hyper figures OFF on input line 6075.
Package hyperref Info: Link nesting OFF on input line 6080.
Package hyperref Info: Hyper index ON on input line 6083.
Package hyperref Info: backreferencing OFF on input line 6090.
Package hyperref Info: Link coloring OFF on input line 6095.
Package hyperref Info: Link coloring with OCG OFF on input line 6100.
Package hyperref Info: PDF/A mode OFF on input line 6105.
LaTeX Info: Redefining \ref on input line 6145.
LaTeX Info: Redefining \pageref on input line 6149.

(/usr/local/texlive/2021/texmf-dist/tex/latex/base/atbegshi-ltx.sty
Package: atbegshi-ltx 2020/08/17 v1.0a Emulation of the original atbegshi packa
ge
with kernel methods
)
\Hy@abspage=\count285
\c@Item=\count286
\c@Hfootnote=\count287
)
Package hyperref Info: Driver (autodetected): hpdftex.

(/usr/local/texlive/2021/texmf-dist/tex/latex/hyperref/hpdftex.def
File: hpdftex.def 2021-02-27 v7.00k Hyperref driver for pdfTeX

(/usr/local/texlive/2021/texmf-dist/tex/latex/base/atveryend-ltx.sty
Package: atveryend-ltx 2020/08/19 v1.0a Emulation of the original atvery packag
e
with kernel methods
)
\Fld@listcount=\count288
\c@bookmark@seq@number=\count289

(/usr/local/texlive/2021/texmf-dist/tex/latex/rerunfilecheck/rerunfilecheck.sty
Package: rerunfilecheck 2019/12/05 v1.9 Rerun checks for auxiliary files (HO)

(/usr/local/texlive/2021/texmf-dist/tex/generic/uniquecounter/uniquecounter.sty
Package: uniquecounter 2019/12/15 v1.4 Provide unlimited unique counter (HO)
)
Package uniquecounter Info: New unique counter `rerunfilecheck' on input line 2
86.
)
\Hy@SectionHShift=\skip61
) (/usr/local/texlive/2021/texmf-dist/tex/latex/subfigure/subfigure.sty
Package: subfigure 2002/03/15 v2.1.5 subfigure package
\subfigtopskip=\skip62
\subfigcapskip=\skip63
\subfigcaptopadj=\dimen161
\subfigbottomskip=\skip64
\subfigcapmargin=\dimen162
\subfiglabelskip=\skip65
\c@subfigure=\count290
\c@lofdepth=\count291
\c@subtable=\count292
\c@lotdepth=\count293

****************************************
* Local config file subfigure.cfg used *
****************************************
(/usr/local/texlive/2021/texmf-dist/tex/latex/subfigure/subfigure.cfg)
\subfig@top=\skip66
\subfig@bottom=\skip67
)
(/usr/local/texlive/2021/texmf-dist/tex/latex/overpic/overpic.sty
Package: overpic 2020/02/22 1.3 picture overlays (RN)

(/usr/local/texlive/2021/texmf-dist/tex/latex/eepic/epic.sty
Enhancements to Picture Environment. Version 1.2 - Released June 1, 1986
\@@multicnt=\count294
\d@lta=\count295
\@delta=\dimen163
\@@delta=\dimen164
\@gridcnt=\count296
\@joinkind=\count297
\@dotgap=\dimen165
\@ddotgap=\dimen166
\@x@diff=\count298
\@y@diff=\count299
\x@diff=\dimen167
\y@diff=\dimen168
\@dotbox=\box51
\num@segments=\count300
\num@segmentsi=\count301
\@datafile=\read3
)
\OVP@box=\box52
) (/usr/local/texlive/2021/texmf-dist/tex/latex/pgf/frontendlayer/tikz.sty
(/usr/local/texlive/2021/texmf-dist/tex/latex/pgf/basiclayer/pgf.sty
(/usr/local/texlive/2021/texmf-dist/tex/latex/pgf/utilities/pgfrcs.sty
(/usr/local/texlive/2021/texmf-dist/tex/generic/pgf/utilities/pgfutil-common.te
x
\pgfutil@everybye=\toks27
\pgfutil@tempdima=\dimen169
\pgfutil@tempdimb=\dimen170

(/usr/local/texlive/2021/texmf-dist/tex/generic/pgf/utilities/pgfutil-common-li
sts.tex))
(/usr/local/texlive/2021/texmf-dist/tex/generic/pgf/utilities/pgfutil-latex.def
\pgfutil@abb=\box53
) (/usr/local/texlive/2021/texmf-dist/tex/generic/pgf/utilities/pgfrcs.code.tex
(/usr/local/texlive/2021/texmf-dist/tex/generic/pgf/pgf.revision.tex)
Package: pgfrcs 2020/12/27 v3.1.8b (3.1.8b)
))
Package: pgf 2020/12/27 v3.1.8b (3.1.8b)

(/usr/local/texlive/2021/texmf-dist/tex/latex/pgf/basiclayer/pgfcore.sty
(/usr/local/texlive/2021/texmf-dist/tex/latex/pgf/systemlayer/pgfsys.sty
(/usr/local/texlive/2021/texmf-dist/tex/generic/pgf/systemlayer/pgfsys.code.tex
Package: pgfsys 2020/12/27 v3.1.8b (3.1.8b)
(/usr/local/texlive/2021/texmf-dist/tex/generic/pgf/utilities/pgfkeys.code.tex
\pgfkeys@pathtoks=\toks28
\pgfkeys@temptoks=\toks29

(/usr/local/texlive/2021/texmf-dist/tex/generic/pgf/utilities/pgfkeysfiltered.c
ode.tex
\pgfkeys@tmptoks=\toks30
))
\pgf@x=\dimen171
\pgf@y=\dimen172
\pgf@xa=\dimen173
\pgf@ya=\dimen174
\pgf@xb=\dimen175
\pgf@yb=\dimen176
\pgf@xc=\dimen177
\pgf@yc=\dimen178
\pgf@xd=\dimen179
\pgf@yd=\dimen180
\w@pgf@writea=\write3
\r@pgf@reada=\read4
\c@pgf@counta=\count302
\c@pgf@countb=\count303
\c@pgf@countc=\count304
\c@pgf@countd=\count305
\t@pgf@toka=\toks31
\t@pgf@tokb=\toks32
\t@pgf@tokc=\toks33
\pgf@sys@id@count=\count306

(/usr/local/texlive/2021/texmf-dist/tex/generic/pgf/systemlayer/pgf.cfg
File: pgf.cfg 2020/12/27 v3.1.8b (3.1.8b)
)
Driver file for pgf: pgfsys-pdftex.def

(/usr/local/texlive/2021/texmf-dist/tex/generic/pgf/systemlayer/pgfsys-pdftex.d
ef
File: pgfsys-pdftex.def 2020/12/27 v3.1.8b (3.1.8b)

(/usr/local/texlive/2021/texmf-dist/tex/generic/pgf/systemlayer/pgfsys-common-p
df.def
File: pgfsys-common-pdf.def 2020/12/27 v3.1.8b (3.1.8b)
)))
(/usr/local/texlive/2021/texmf-dist/tex/generic/pgf/systemlayer/pgfsyssoftpath.
code.tex
File: pgfsyssoftpath.code.tex 2020/12/27 v3.1.8b (3.1.8b)
\pgfsyssoftpath@smallbuffer@items=\count307
\pgfsyssoftpath@bigbuffer@items=\count308
)
(/usr/local/texlive/2021/texmf-dist/tex/generic/pgf/systemlayer/pgfsysprotocol.
code.tex
File: pgfsysprotocol.code.tex 2020/12/27 v3.1.8b (3.1.8b)
)) (/usr/local/texlive/2021/texmf-dist/tex/latex/xcolor/xcolor.sty
Package: xcolor 2016/05/11 v2.12 LaTeX color extensions (UK)

(/usr/local/texlive/2021/texmf-dist/tex/latex/graphics-cfg/color.cfg
File: color.cfg 2016/01/02 v1.6 sample color configuration
)
Package xcolor Info: Driver file: pdftex.def on input line 225.
LaTeX Info: Redefining \color on input line 709.
Package xcolor Info: Model `cmy' substituted by `cmy0' on input line 1348.
Package xcolor Info: Model `hsb' substituted by `rgb' on input line 1352.
Package xcolor Info: Model `RGB' extended on input line 1364.
Package xcolor Info: Model `HTML' substituted by `rgb' on input line 1366.
Package xcolor Info: Model `Hsb' substituted by `hsb' on input line 1367.
Package xcolor Info: Model `tHsb' substituted by `hsb' on input line 1368.
Package xcolor Info: Model `HSB' substituted by `hsb' on input line 1369.
Package xcolor Info: Model `Gray' substituted by `gray' on input line 1370.
Package xcolor Info: Model `wave' substituted by `hsb' on input line 1371.
)
(/usr/local/texlive/2021/texmf-dist/tex/generic/pgf/basiclayer/pgfcore.code.tex
Package: pgfcore 2020/12/27 v3.1.8b (3.1.8b)
(/usr/local/texlive/2021/texmf-dist/tex/generic/pgf/math/pgfmath.code.tex
(/usr/local/texlive/2021/texmf-dist/tex/generic/pgf/math/pgfmathcalc.code.tex
(/usr/local/texlive/2021/texmf-dist/tex/generic/pgf/math/pgfmathutil.code.tex)
(/usr/local/texlive/2021/texmf-dist/tex/generic/pgf/math/pgfmathparser.code.tex
\pgfmath@dimen=\dimen181
\pgfmath@count=\count309
\pgfmath@box=\box54
\pgfmath@toks=\toks34
\pgfmath@stack@operand=\toks35
\pgfmath@stack@operation=\toks36
)
(/usr/local/texlive/2021/texmf-dist/tex/generic/pgf/math/pgfmathfunctions.code.
tex
(/usr/local/texlive/2021/texmf-dist/tex/generic/pgf/math/pgfmathfunctions.basic
.code.tex)
(/usr/local/texlive/2021/texmf-dist/tex/generic/pgf/math/pgfmathfunctions.trigo
nometric.code.tex)
(/usr/local/texlive/2021/texmf-dist/tex/generic/pgf/math/pgfmathfunctions.rando
m.code.tex)
(/usr/local/texlive/2021/texmf-dist/tex/generic/pgf/math/pgfmathfunctions.compa
rison.code.tex)
(/usr/local/texlive/2021/texmf-dist/tex/generic/pgf/math/pgfmathfunctions.base.
code.tex)
(/usr/local/texlive/2021/texmf-dist/tex/generic/pgf/math/pgfmathfunctions.round
.code.tex)
(/usr/local/texlive/2021/texmf-dist/tex/generic/pgf/math/pgfmathfunctions.misc.
code.tex)
(/usr/local/texlive/2021/texmf-dist/tex/generic/pgf/math/pgfmathfunctions.integ
erarithmetics.code.tex)))
(/usr/local/texlive/2021/texmf-dist/tex/generic/pgf/math/pgfmathfloat.code.tex
\c@pgfmathroundto@lastzeros=\count310
)) (/usr/local/texlive/2021/texmf-dist/tex/generic/pgf/math/pgfint.code.tex)
(/usr/local/texlive/2021/texmf-dist/tex/generic/pgf/basiclayer/pgfcorepoints.co
de.tex
File: pgfcorepoints.code.tex 2020/12/27 v3.1.8b (3.1.8b)
\pgf@picminx=\dimen182
\pgf@picmaxx=\dimen183
\pgf@picminy=\dimen184
\pgf@picmaxy=\dimen185
\pgf@pathminx=\dimen186
\pgf@pathmaxx=\dimen187
\pgf@pathminy=\dimen188
\pgf@pathmaxy=\dimen189
\pgf@xx=\dimen190
\pgf@xy=\dimen191
\pgf@yx=\dimen192
\pgf@yy=\dimen193
\pgf@zx=\dimen194
\pgf@zy=\dimen195
)
(/usr/local/texlive/2021/texmf-dist/tex/generic/pgf/basiclayer/pgfcorepathconst
ruct.code.tex
File: pgfcorepathconstruct.code.tex 2020/12/27 v3.1.8b (3.1.8b)
\pgf@path@lastx=\dimen196
\pgf@path@lasty=\dimen197
)
(/usr/local/texlive/2021/texmf-dist/tex/generic/pgf/basiclayer/pgfcorepathusage
.code.tex
File: pgfcorepathusage.code.tex 2020/12/27 v3.1.8b (3.1.8b)
\pgf@shorten@end@additional=\dimen198
\pgf@shorten@start@additional=\dimen199
)
(/usr/local/texlive/2021/texmf-dist/tex/generic/pgf/basiclayer/pgfcorescopes.co
de.tex
File: pgfcorescopes.code.tex 2020/12/27 v3.1.8b (3.1.8b)
\pgfpic=\box55
\pgf@hbox=\box56
\pgf@layerbox@main=\box57
\pgf@picture@serial@count=\count311
)
(/usr/local/texlive/2021/texmf-dist/tex/generic/pgf/basiclayer/pgfcoregraphicst
ate.code.tex
File: pgfcoregraphicstate.code.tex 2020/12/27 v3.1.8b (3.1.8b)
\pgflinewidth=\dimen256
)
(/usr/local/texlive/2021/texmf-dist/tex/generic/pgf/basiclayer/pgfcoretransform
ations.code.tex
File: pgfcoretransformations.code.tex 2020/12/27 v3.1.8b (3.1.8b)
\pgf@pt@x=\dimen257
\pgf@pt@y=\dimen258
\pgf@pt@temp=\dimen259
)
(/usr/local/texlive/2021/texmf-dist/tex/generic/pgf/basiclayer/pgfcorequick.cod
e.tex
File: pgfcorequick.code.tex 2020/12/27 v3.1.8b (3.1.8b)
)
(/usr/local/texlive/2021/texmf-dist/tex/generic/pgf/basiclayer/pgfcoreobjects.c
ode.tex
File: pgfcoreobjects.code.tex 2020/12/27 v3.1.8b (3.1.8b)
)
(/usr/local/texlive/2021/texmf-dist/tex/generic/pgf/basiclayer/pgfcorepathproce
ssing.code.tex
File: pgfcorepathprocessing.code.tex 2020/12/27 v3.1.8b (3.1.8b)
)
(/usr/local/texlive/2021/texmf-dist/tex/generic/pgf/basiclayer/pgfcorearrows.co
de.tex
File: pgfcorearrows.code.tex 2020/12/27 v3.1.8b (3.1.8b)
\pgfarrowsep=\dimen260
)
(/usr/local/texlive/2021/texmf-dist/tex/generic/pgf/basiclayer/pgfcoreshade.cod
e.tex
File: pgfcoreshade.code.tex 2020/12/27 v3.1.8b (3.1.8b)
\pgf@max=\dimen261
\pgf@sys@shading@range@num=\count312
\pgf@shadingcount=\count313
)
(/usr/local/texlive/2021/texmf-dist/tex/generic/pgf/basiclayer/pgfcoreimage.cod
e.tex
File: pgfcoreimage.code.tex 2020/12/27 v3.1.8b (3.1.8b)

(/usr/local/texlive/2021/texmf-dist/tex/generic/pgf/basiclayer/pgfcoreexternal.
code.tex
File: pgfcoreexternal.code.tex 2020/12/27 v3.1.8b (3.1.8b)
\pgfexternal@startupbox=\box58
))
(/usr/local/texlive/2021/texmf-dist/tex/generic/pgf/basiclayer/pgfcorelayers.co
de.tex
File: pgfcorelayers.code.tex 2020/12/27 v3.1.8b (3.1.8b)
)
(/usr/local/texlive/2021/texmf-dist/tex/generic/pgf/basiclayer/pgfcoretranspare
ncy.code.tex
File: pgfcoretransparency.code.tex 2020/12/27 v3.1.8b (3.1.8b)
)
(/usr/local/texlive/2021/texmf-dist/tex/generic/pgf/basiclayer/pgfcorepatterns.
code.tex
File: pgfcorepatterns.code.tex 2020/12/27 v3.1.8b (3.1.8b)
)
(/usr/local/texlive/2021/texmf-dist/tex/generic/pgf/basiclayer/pgfcorerdf.code.
tex
File: pgfcorerdf.code.tex 2020/12/27 v3.1.8b (3.1.8b)
)))
(/usr/local/texlive/2021/texmf-dist/tex/generic/pgf/modules/pgfmoduleshapes.cod
e.tex
File: pgfmoduleshapes.code.tex 2020/12/27 v3.1.8b (3.1.8b)
\pgfnodeparttextbox=\box59
)
(/usr/local/texlive/2021/texmf-dist/tex/generic/pgf/modules/pgfmoduleplot.code.
tex
File: pgfmoduleplot.code.tex 2020/12/27 v3.1.8b (3.1.8b)
)
(/usr/local/texlive/2021/texmf-dist/tex/latex/pgf/compatibility/pgfcomp-version
-0-65.sty
Package: pgfcomp-version-0-65 2020/12/27 v3.1.8b (3.1.8b)
\pgf@nodesepstart=\dimen262
\pgf@nodesepend=\dimen263
)
(/usr/local/texlive/2021/texmf-dist/tex/latex/pgf/compatibility/pgfcomp-version
-1-18.sty
Package: pgfcomp-version-1-18 2020/12/27 v3.1.8b (3.1.8b)
))
(/usr/local/texlive/2021/texmf-dist/tex/latex/pgf/utilities/pgffor.sty
(/usr/local/texlive/2021/texmf-dist/tex/latex/pgf/utilities/pgfkeys.sty
(/usr/local/texlive/2021/texmf-dist/tex/generic/pgf/utilities/pgfkeys.code.tex)
) (/usr/local/texlive/2021/texmf-dist/tex/latex/pgf/math/pgfmath.sty
(/usr/local/texlive/2021/texmf-dist/tex/generic/pgf/math/pgfmath.code.tex))
(/usr/local/texlive/2021/texmf-dist/tex/generic/pgf/utilities/pgffor.code.tex
Package: pgffor 2020/12/27 v3.1.8b (3.1.8b)

(/usr/local/texlive/2021/texmf-dist/tex/generic/pgf/math/pgfmath.code.tex)
\pgffor@iter=\dimen264
\pgffor@skip=\dimen265
\pgffor@stack=\toks37
\pgffor@toks=\toks38
))
(/usr/local/texlive/2021/texmf-dist/tex/generic/pgf/frontendlayer/tikz/tikz.cod
e.tex
Package: tikz 2020/12/27 v3.1.8b (3.1.8b)

(/usr/local/texlive/2021/texmf-dist/tex/generic/pgf/libraries/pgflibraryplothan
dlers.code.tex
File: pgflibraryplothandlers.code.tex 2020/12/27 v3.1.8b (3.1.8b)
\pgf@plot@mark@count=\count314
\pgfplotmarksize=\dimen266
)
\tikz@lastx=\dimen267
\tikz@lasty=\dimen268
\tikz@lastxsaved=\dimen269
\tikz@lastysaved=\dimen270
\tikz@lastmovetox=\dimen271
\tikz@lastmovetoy=\dimen272
\tikzleveldistance=\dimen273
\tikzsiblingdistance=\dimen274
\tikz@figbox=\box60
\tikz@figbox@bg=\box61
\tikz@tempbox=\box62
\tikz@tempbox@bg=\box63
\tikztreelevel=\count315
\tikznumberofchildren=\count316
\tikznumberofcurrentchild=\count317
\tikz@fig@count=\count318

(/usr/local/texlive/2021/texmf-dist/tex/generic/pgf/modules/pgfmodulematrix.cod
e.tex
File: pgfmodulematrix.code.tex 2020/12/27 v3.1.8b (3.1.8b)
\pgfmatrixcurrentrow=\count319
\pgfmatrixcurrentcolumn=\count320
\pgf@matrix@numberofcolumns=\count321
)
\tikz@expandcount=\count322

(/usr/local/texlive/2021/texmf-dist/tex/generic/pgf/frontendlayer/tikz/librarie
s/tikzlibrarytopaths.code.tex
File: tikzlibrarytopaths.code.tex 2020/12/27 v3.1.8b (3.1.8b)
)))
Package hyperref Info: Option `colorlinks' set `true' on input line 17.
\c@lemma=\count323
\c@corollary=\count324

(/usr/local/texlive/2021/texmf-dist/tex/latex/l3backend/l3backend-pdftex.def
File: l3backend-pdftex.def 2021-03-18 L3 backend support: PDF output (pdfTeX)
\l__color_backend_stack_int=\count325
\l__pdf_internal_box=\box64
)
(./stillwaterplumes.aux)
\openout1 = `stillwaterplumes.aux'.

LaTeX Font Info:    Checking defaults for OML/ntxmi/m/it on input line 46.
LaTeX Font Info:    Trying to load font information for OML+ntxmi on input line
 46.

(/usr/local/texlive/2021/texmf-dist/tex/latex/newtx/omlntxmi.fd
File: omlntxmi.fd 2015/08/25 Fontinst v1.933 font definitions for OML/ntxmi.
)
LaTeX Font Info:    ... okay on input line 46.
LaTeX Font Info:    Checking defaults for OMS/cmsy/m/n on input line 46.
LaTeX Font Info:    ... okay on input line 46.
LaTeX Font Info:    Checking defaults for OT1/cmr/m/n on input line 46.
LaTeX Font Info:    ... okay on input line 46.
LaTeX Font Info:    Checking defaults for T1/cmr/m/n on input line 46.
LaTeX Font Info:    ... okay on input line 46.
LaTeX Font Info:    Checking defaults for TS1/cmr/m/n on input line 46.
LaTeX Font Info:    ... okay on input line 46.
LaTeX Font Info:    Checking defaults for OMX/cmex/m/n on input line 46.
LaTeX Font Info:    ... okay on input line 46.
LaTeX Font Info:    Checking defaults for U/ntxexa/m/n on input line 46.
LaTeX Font Info:    Trying to load font information for U+ntxexa on input line 
46.

(/usr/local/texlive/2021/texmf-dist/tex/latex/newtx/untxexa.fd
File: untxexa.fd 2012/04/16 Fontinst v1.933 font definitions for U/ntxexa.
)
LaTeX Font Info:    ... okay on input line 46.
LaTeX Font Info:    Checking defaults for LMS/ntxsy/m/n on input line 46.
LaTeX Font Info:    Trying to load font information for LMS+ntxsy on input line
 46.

(/usr/local/texlive/2021/texmf-dist/tex/latex/newtx/lmsntxsy.fd
File: lmsntxsy.fd 2016/07/02 Fontinst v1.933 font definitions for LMS/ntxsy.
)
LaTeX Font Info:    ... okay on input line 46.
LaTeX Font Info:    Checking defaults for LMX/ntxexx/m/n on input line 46.
LaTeX Font Info:    Trying to load font information for LMX+ntxexx on input lin
e 46.

(/usr/local/texlive/2021/texmf-dist/tex/latex/newtx/lmxntxexx.fd
File: lmxntxexx.fd 2016/07/03 Fontinst v1.933 font definitions for LMX/ntxexx.
)
LaTeX Font Info:    ... okay on input line 46.
LaTeX Font Info:    Checking defaults for PD1/pdf/m/n on input line 46.
LaTeX Font Info:    ... okay on input line 46.
LaTeX Font Info:    Checking defaults for PU/pdf/m/n on input line 46.
LaTeX Font Info:    ... okay on input line 46.

(/usr/local/texlive/2021/texmf-dist/tex/context/base/mkii/supp-pdf.mkii
[Loading MPS to PDF converter (version 2006.09.02).]
\scratchcounter=\count326
\scratchdimen=\dimen275
\scratchbox=\box65
\nofMPsegments=\count327
\nofMParguments=\count328
\everyMPshowfont=\toks39
\MPscratchCnt=\count329
\MPscratchDim=\dimen276
\MPnumerator=\count330
\makeMPintoPDFobject=\count331
\everyMPtoPDFconversion=\toks40
) (/usr/local/texlive/2021/texmf-dist/tex/latex/epstopdf-pkg/epstopdf-base.sty
Package: epstopdf-base 2020-01-24 v2.11 Base part for package epstopdf
Package epstopdf-base Info: Redefining graphics rule for `.eps' on input line 4
85.

(/usr/local/texlive/2021/texmf-dist/tex/latex/latexconfig/epstopdf-sys.cfg
File: epstopdf-sys.cfg 2010/07/13 v1.3 Configuration of (r)epstopdf for TeX Liv
e
))
Package caption Info: Begin \AtBeginDocument code.
Package caption Info: hyperref package is loaded.
Package caption Info: subfigure package is loaded.
Package caption Info: End \AtBeginDocument code.
\c@mv@tabular=\count332
\c@mv@boldtabular=\count333


Package hyperref Warning: Height of page (\paperheight) is invalid (0.0pt),
(hyperref)                using 11in.

Package hyperref Info: Link coloring ON on input line 46.
(/usr/local/texlive/2021/texmf-dist/tex/latex/hyperref/nameref.sty
Package: nameref 2021-04-02 v2.47 Cross-referencing by name of section

(/usr/local/texlive/2021/texmf-dist/tex/latex/refcount/refcount.sty
Package: refcount 2019/12/15 v3.6 Data extraction from label references (HO)
)
(/usr/local/texlive/2021/texmf-dist/tex/generic/gettitlestring/gettitlestring.s
ty
Package: gettitlestring 2019/12/15 v1.6 Cleanup title references (HO)
)
\c@section@level=\count334
)
LaTeX Info: Redefining \ref on input line 46.
LaTeX Info: Redefining \pageref on input line 46.
LaTeX Info: Redefining \nameref on input line 46.
 (./stillwaterplumes.out) (./stillwaterplumes.out)
\@outlinefile=\write4
\openout4 = `stillwaterplumes.out'.

LaTeX Font Info:    Font shape `T1/ntxtlf/m/n' will be
(Font)              scaled to size 17.28pt on input line 49.
LaTeX Font Info:    Font shape `T1/ntxtlf/b/n' will be
(Font)              scaled to size 17.28pt on input line 49.
LaTeX Font Info:    Font shape `T1/ntxtlf/m/n' will be
(Font)              scaled to size 10.95pt on input line 49.
LaTeX Font Info:    Font shape `T1/ntxtlf/b/n' will be
(Font)              scaled to size 10.95pt on input line 49.
LaTeX Font Info:    Trying to load font information for OT1+ntxtlf on input lin
e 49.

(/usr/local/texlive/2021/texmf-dist/tex/latex/newtx/ot1ntxtlf.fd
File: ot1ntxtlf.fd 2015/01/17 v1.0 font definition file for OT1/ntx/tlf
)
LaTeX Font Info:    Font shape `OT1/ntxtlf/m/n' will be
(Font)              scaled to size 10.95pt on input line 49.
LaTeX Font Info:    Font shape `OT1/ntxtlf/m/n' will be
(Font)              scaled to size 8.0pt on input line 49.
LaTeX Font Info:    Font shape `OT1/ntxtlf/m/n' will be
(Font)              scaled to size 6.1pt on input line 49.
LaTeX Font Info:    Trying to load font information for U+msa on input line 49.


(/usr/local/texlive/2021/texmf-dist/tex/latex/amsfonts/umsa.fd
File: umsa.fd 2013/01/14 v3.01 AMS symbols A
)
LaTeX Font Info:    Trying to load font information for U+msb on input line 49.


(/usr/local/texlive/2021/texmf-dist/tex/latex/amsfonts/umsb.fd
File: umsb.fd 2013/01/14 v3.01 AMS symbols B
)
LaTeX Font Info:    Trying to load font information for U+ntxmia on input line 
49.

(/usr/local/texlive/2021/texmf-dist/tex/latex/newtx/untxmia.fd
File: untxmia.fd 2018/04/14 Fontinst v1.933 font definitions for U/ntxmia.
)
LaTeX Font Info:    Trying to load font information for U+ntxsym on input line 
49.

(/usr/local/texlive/2021/texmf-dist/tex/latex/newtx/untxsym.fd
File: untxsym.fd 2015/03/20 Fontinst v1.933 font definitions for U/ntxsym.
)
LaTeX Font Info:    Trying to load font information for U+ntxsyc on input line 
49.

(/usr/local/texlive/2021/texmf-dist/tex/latex/newtx/untxsyc.fd
File: untxsyc.fd 2012/04/12 Fontinst v1.933 font definitions for U/ntxsyc.
)
LaTeX Font Info:    Font shape `T1/ntxtlf/b/n' will be
(Font)              scaled to size 8.0pt on input line 49.
LaTeX Font Info:    Trying to load font information for T1+ntxsups on input lin
e 49.

(/usr/local/texlive/2021/texmf-dist/tex/latex/newtx/t1ntxsups.fd
File: t1ntxsups.fd 2015/01/17 v1.0
)
LaTeX Font Info:    Font shape `T1/ntxsups/b/n' will be
(Font)              scaled to size 10.95pt on input line 49.
LaTeX Font Info:    Font shape `T1/ntxtlf/m/n' will be
(Font)              scaled to size 9.0pt on input line 49.
LaTeX Font Info:    Font shape `OT1/ntxtlf/m/n' will be
(Font)              scaled to size 9.0pt on input line 49.
LaTeX Font Info:    Font shape `OT1/ntxtlf/m/n' will be
(Font)              scaled to size 7.3pt on input line 49.
LaTeX Font Info:    Font shape `OT1/ntxtlf/m/n' will be
(Font)              scaled to size 5.5pt on input line 49.
LaTeX Font Info:    Font shape `T1/ntxtlf/m/n' will be
(Font)              scaled to size 7.3pt on input line 49.
LaTeX Font Info:    Font shape `T1/ntxtlf/m/it' will be
(Font)              scaled to size 10.5pt on input line 51.

Underfull \hbox (badness 10000) in paragraph at lines 51--52

 []

LaTeX Font Info:    Calculating math sizes for size <10.5> on input line 53.
LaTeX Font Info:    Font shape `OT1/ntxtlf/m/n' will be
(Font)              scaled to size 10.5pt on input line 53.
LaTeX Font Info:    Font shape `OT1/ntxtlf/m/n' will be
(Font)              scaled to size 7.66495pt on input line 53.
LaTeX Font Info:    Font shape `OT1/ntxtlf/m/n' will be
(Font)              scaled to size 5.77502pt on input line 53.

Underfull \hbox (badness 10000) in paragraph at lines 56--58

 []

LaTeX Font Info:    Font shape `T1/ntxtlf/m/n' will be
(Font)              scaled to size 8.0pt on input line 60.
LaTeX Font Info:    Font shape `T1/ntxtlf/m/it' will be
(Font)              scaled to size 8.0pt on input line 60.

Underfull \hbox (badness 10000) has occurred while \output is active

 []


Overfull \hbox (1.0pt too wide) has occurred while \output is active
[]
 []


Overfull \vbox (27.38206pt too high) has occurred while \output is active []

LaTeX Font Info:    Font shape `T1/ntxtlf/b/n' will be
(Font)              scaled to size 14.0pt on input line 60.


Package xcolor Warning: Incompatible color definition on input line 60.

[1{/usr/local/texlive/2021/texmf-var/fonts/map/pdftex/updmap/pdftex.map}
Non-PDF special ignored!
<special> papersize=174mm,247mm
]
Package epstopdf Info: Source file: <./Figures/stillwaterTwoPlumesNonInteractin
g.eps>
(epstopdf)                    date: 2021-06-23 16:12:38
(epstopdf)                    size: 21202 bytes
(epstopdf)             Output file: <./Figures/stillwaterTwoPlumesNonInteractin
g-eps-converted-to.pdf>
(epstopdf)                    date: 2022-02-01 15:49:39
(epstopdf)                    size: 5993 bytes
(epstopdf)             Command: <repstopdf --outfile=./Figures/stillwaterTwoPlu
mesNonInteracting-eps-converted-to.pdf ./Figures/stillwaterTwoPlumesNonInteract
ing.eps>
(epstopdf)             \includegraphics on input line 62.
Package epstopdf Info: Output file is already uptodate.
<./Figures/stillwaterTwoPlumesNonInteracting-eps-converted-to.pdf, id=101, 579.
16376pt x 622.325pt>
File: ./Figures/stillwaterTwoPlumesNonInteracting-eps-converted-to.pdf Graphic 
file (type pdf)
<use ./Figures/stillwaterTwoPlumesNonInteracting-eps-converted-to.pdf>
Package pdftex.def Info: ./Figures/stillwaterTwoPlumesNonInteracting-eps-conver
ted-to.pdf  used on input line 62.
(pdftex.def)             Requested size: 230.40234pt x 247.56767pt.
Package epstopdf Info: Source file: <./Figures/twoPlumeBuoyancySchematic.eps>
(epstopdf)                    date: 2022-01-17 11:05:00
(epstopdf)                    size: 66498 bytes
(epstopdf)             Output file: <./Figures/twoPlumeBuoyancySchematic-eps-co
nverted-to.pdf>
(epstopdf)                    date: 2022-01-17 12:03:50
(epstopdf)                    size: 25544 bytes
(epstopdf)             Command: <repstopdf --outfile=./Figures/twoPlumeBuoyancy
Schematic-eps-converted-to.pdf ./Figures/twoPlumeBuoyancySchematic.eps>
(epstopdf)             \includegraphics on input line 89.
Package epstopdf Info: Output file is already uptodate.
<./Figures/twoPlumeBuoyancySchematic-eps-converted-to.pdf, id=104, 635.37375pt 
x 650.43pt>
File: ./Figures/twoPlumeBuoyancySchematic-eps-converted-to.pdf Graphic file (ty
pe pdf)
<use ./Figures/twoPlumeBuoyancySchematic-eps-converted-to.pdf>
Package pdftex.def Info: ./Figures/twoPlumeBuoyancySchematic-eps-converted-to.p
df  used on input line 89.
(pdftex.def)             Requested size: 172.79883pt x 176.88881pt.


LaTeX Font Warning: Command \scriptsize invalid in math mode on input line 90.

LaTeX Font Info:    Font shape `T1/ntxtlf/m/n' will be
(Font)              scaled to size 7.0pt on input line 90.
LaTeX Font Info:    Font shape `T1/ntxtlf/m/n' will be
(Font)              scaled to size 5.5pt on input line 90.
Package epstopdf Info: Source file: <./Figures/threePlumeBuoyancySchematic.eps>

(epstopdf)                    date: 2022-01-17 11:05:00
(epstopdf)                    size: 58626 bytes
(epstopdf)             Output file: <./Figures/threePlumeBuoyancySchematic-eps-
converted-to.pdf>
(epstopdf)                    date: 2022-01-17 12:03:50
(epstopdf)                    size: 22988 bytes
(epstopdf)             Command: <repstopdf --outfile=./Figures/threePlumeBuoyan
cySchematic-eps-converted-to.pdf ./Figures/threePlumeBuoyancySchematic.eps>
(epstopdf)             \includegraphics on input line 95.
Package epstopdf Info: Output file is already uptodate.
<./Figures/threePlumeBuoyancySchematic-eps-converted-to.pdf, id=105, 635.37375p
t x 659.46375pt>
File: ./Figures/threePlumeBuoyancySchematic-eps-converted-to.pdf Graphic file (
type pdf)
<use ./Figures/threePlumeBuoyancySchematic-eps-converted-to.pdf>
Package pdftex.def Info: ./Figures/threePlumeBuoyancySchematic-eps-converted-to
.pdf  used on input line 95.
(pdftex.def)             Requested size: 172.79883pt x 179.3456pt.

Underfull \vbox (badness 10000) has occurred while \output is active []

 [2 <./Figures/stillwaterTwoPlumesNonInteracting-eps-converted-to.pdf>] [3 <./F
igures/twoPlumeBuoyancySchematic-eps-converted-to.pdf> <./Figures/threePlumeBuo
yancySchematic-eps-converted-to.pdf>]
LaTeX Font Info:    Font shape `T1/ntxtlf/m/n' will be
(Font)              scaled to size 7.66495pt on input line 133.
LaTeX Font Info:    Font shape `T1/ntxtlf/m/n' will be
(Font)              scaled to size 5.77502pt on input line 133.


Package xcolor Warning: Incompatible color definition on input line 165.

[4] [5]
Overfull \hbox (17.61163pt too wide) in paragraph at lines 207--209
\T1/ntxtlf/m/n/10.5 where $\OML/ntxmi/m/it/10.5 q[] \U/ntxmia/m/it/10.5 = []\OM
L/ntxmi/m/it/10.5 ; z[] \U/ntxmia/m/it/10.5 = []$\T1/ntxtlf/m/n/10.5 , $\OML/nt
xmi/m/it/10.5 z[] \U/ntxmia/m/it/10.5 = ^^@[]\LMS/ntxsy/m/n/10.5 \OT1/ntxtlf/m
/n/10.5 1 \LMS/ntxsy/m/n/10.5 ^^@ \OML/ntxmi/m/it/10.5 ^^N\LMS/ntxsy/m/n/10.5 
$\T1/ntxtlf/m/n/10.5 , $[]$
 []


Underfull \vbox (badness 10000) has occurred while \output is active []

 [6]
[7]
Underfull \vbox (badness 4713) has occurred while \output is active []

 [8]
Package epstopdf Info: Source file: <./Figures/interactingTwoPlumeSchematic.eps
>
(epstopdf)                    date: 2022-01-17 11:05:00
(epstopdf)                    size: 79515 bytes
(epstopdf)             Output file: <./Figures/interactingTwoPlumeSchematic-eps
-converted-to.pdf>
(epstopdf)                    date: 2022-01-17 11:05:00
(epstopdf)                    size: 81835 bytes
(epstopdf)             Command: <repstopdf --outfile=./Figures/interactingTwoPl
umeSchematic-eps-converted-to.pdf ./Figures/interactingTwoPlumeSchematic.eps>
(epstopdf)             \includegraphics on input line 299.
Package epstopdf Info: Output file is already uptodate.
<./Figures/interactingTwoPlumeSchematic-eps-converted-to.pdf, id=205, 1028.8437
5pt x 490.83376pt>
File: ./Figures/interactingTwoPlumeSchematic-eps-converted-to.pdf Graphic file 
(type pdf)
<use ./Figures/interactingTwoPlumeSchematic-eps-converted-to.pdf>
Package pdftex.def Info: ./Figures/interactingTwoPlumeSchematic-eps-converted-t
o.pdf  used on input line 299.
(pdftex.def)             Requested size: 288.0pt x 255.9691pt.

Underfull \hbox (badness 10000) in paragraph at lines 304--305

 []

[9 <./Figures/interactingTwoPlumeSchematic-eps-converted-to.pdf>]
Underfull \hbox (badness 2173) in paragraph at lines 332--334
\T1/ntxtlf/m/n/10.5 Suppose also that we have three in-ter-act-ing co-linear pl
umes, con-fig-ured with
 []


Package xcolor Warning: Incompatible color definition on input line 340.

[10]

Package amsmath Warning: Cannot use `split' here;
(amsmath)                trying to recover with `aligned' on input line 362.


Package amsmath Warning: Cannot use `split' here;
(amsmath)                trying to recover with `aligned' on input line 369.


Underfull \vbox (badness 4967) has occurred while \output is active []

 [11]
Underfull \hbox (badness 10000) in paragraph at lines 395--398

 []

[12]
Underfull \hbox (badness 10000) in paragraph at lines 399--400

 []


Underfull \hbox (badness 10000) in paragraph at lines 401--402

 []


Underfull \hbox (badness 10000) in paragraph at lines 406--408

 []


Underfull \hbox (badness 10000) in paragraph at lines 415--417

 []


Underfull \vbox (badness 1308) has occurred while \output is active []

 [13]
[14]
Package epstopdf Info: Source file: <./Figures/fourPlumesInteracting.eps>
(epstopdf)                    date: 2022-01-17 11:20:07
(epstopdf)                    size: 680072 bytes
(epstopdf)             Output file: <./Figures/fourPlumesInteracting-eps-conver
ted-to.pdf>
(epstopdf)                    date: 2022-01-17 11:21:15
(epstopdf)                    size: 203367 bytes
(epstopdf)             Command: <repstopdf --outfile=./Figures/fourPlumesIntera
cting-eps-converted-to.pdf ./Figures/fourPlumesInteracting.eps>
(epstopdf)             \includegraphics on input line 474.
Package epstopdf Info: Output file is already uptodate.
<./Figures/fourPlumesInteracting-eps-converted-to.pdf, id=308, 710.655pt x 720.
6925pt>
File: ./Figures/fourPlumesInteracting-eps-converted-to.pdf Graphic file (type p
df)
<use ./Figures/fourPlumesInteracting-eps-converted-to.pdf>
Package pdftex.def Info: ./Figures/fourPlumesInteracting-eps-converted-to.pdf  
used on input line 474.
(pdftex.def)             Requested size: 192.0pt x 194.71054pt.
Package epstopdf Info: Source file: <./Figures/fivePlumesInteracting.eps>
(epstopdf)                    date: 2022-01-17 11:19:26
(epstopdf)                    size: 1030062 bytes
(epstopdf)             Output file: <./Figures/fivePlumesInteracting-eps-conver
ted-to.pdf>
(epstopdf)                    date: 2022-01-17 11:21:16
(epstopdf)                    size: 305575 bytes
(epstopdf)             Command: <repstopdf --outfile=./Figures/fivePlumesIntera
cting-eps-converted-to.pdf ./Figures/fivePlumesInteracting.eps>
(epstopdf)             \includegraphics on input line 480.
Package epstopdf Info: Output file is already uptodate.
<./Figures/fivePlumesInteracting-eps-converted-to.pdf, id=309, 698.61pt x 714.6
7pt>
File: ./Figures/fivePlumesInteracting-eps-converted-to.pdf Graphic file (type p
df)
<use ./Figures/fivePlumesInteracting-eps-converted-to.pdf>
Package pdftex.def Info: ./Figures/fivePlumesInteracting-eps-converted-to.pdf  
used on input line 480.
(pdftex.def)             Requested size: 192.0pt x 196.40944pt.
<./Figures/triangularSchematicNI.png, id=310, 575.90157pt x 415.5525pt>
File: ./Figures/triangularSchematicNI.png Graphic file (type png)
<use ./Figures/triangularSchematicNI.png>
Package pdftex.def Info: ./Figures/triangularSchematicNI.png  used on input lin
e 493.
(pdftex.def)             Requested size: 249.59766pt x 180.10443pt.
LaTeX Font Info:    Font shape `OT1/ntxtlf/b/n' will be
(Font)              scaled to size 10.5pt on input line 497.
LaTeX Font Info:    Font shape `OT1/ntxtlf/b/n' will be
(Font)              scaled to size 7.66495pt on input line 497.
LaTeX Font Info:    Font shape `OT1/ntxtlf/b/n' will be
(Font)              scaled to size 5.77502pt on input line 497.

Underfull \hbox (badness 10000) in paragraph at lines 497--498

 []

LaTeX Font Info:    Font shape `OT1/ntxtlf/b/n' will be
(Font)              scaled to size 9.0pt on input line 507.
LaTeX Font Info:    Font shape `OT1/ntxtlf/b/n' will be
(Font)              scaled to size 7.3pt on input line 507.
LaTeX Font Info:    Font shape `OT1/ntxtlf/b/n' will be
(Font)              scaled to size 5.5pt on input line 507.

Underfull \vbox (badness 1874) has occurred while \output is active []

 [15]
Overfull \vbox (7.38641pt too high) has occurred while \output is active []


[16 <./Figures/fourPlumesInteracting-eps-converted-to.pdf> <./Figures/fivePlume
sInteracting-eps-converted-to.pdf> <./Figures/triangularSchematicNI.png (PNG co
py)>]
Underfull \hbox (badness 10000) in paragraph at lines 507--509

 []


Underfull \hbox (badness 10000) in paragraph at lines 518--519

 []

[17]
Underfull \hbox (badness 10000) in paragraph at lines 575--576

 []

<./Figures/L2Schematic.png, id=360, 806.5332pt x 522.2712pt>
File: ./Figures/L2Schematic.png Graphic file (type png)
<use ./Figures/L2Schematic.png>
Package pdftex.def Info: ./Figures/L2Schematic.png  used on input line 580.
(pdftex.def)             Requested size: 384.0pt x 248.66315pt.

Underfull \hbox (badness 10000) in paragraph at lines 577--585

 []


Underfull \hbox (badness 10000) in paragraph at lines 586--587

 []

[18]
LaTeX Font Info:    Trying to load font information for T1+ntxtt on input line 
601.
 (/usr/local/texlive/2021/texmf-dist/tex/latex/newtx/t1ntxtt.fd
File: t1ntxtt.fd 2012/04/20 v3.1
)
LaTeX Font Info:    Font shape `T1/ntxtt/m/n' will be
(Font)              scaled to size 10.5pt on input line 601.

Underfull \hbox (badness 10000) in paragraph at lines 601--602

 []


Underfull \vbox (badness 10000) has occurred while \output is active []

 [19 <./Figures/L2Schematic.png>]
Underfull \hbox (badness 10000) in paragraph at lines 603--604

 []

Package epstopdf Info: Source file: <./Figures/frame650BG.eps>
(epstopdf)                    date: 2022-01-17 11:05:00
(epstopdf)                    size: 1051260 bytes
(epstopdf)             Output file: <./Figures/frame650BG-eps-converted-to.pdf>

(epstopdf)                    date: 2022-01-17 11:05:00
(epstopdf)                    size: 140562 bytes
(epstopdf)             Command: <repstopdf --outfile=./Figures/frame650BG-eps-c
onverted-to.pdf ./Figures/frame650BG.eps>
(epstopdf)             \includegraphics on input line 608.
Package epstopdf Info: Output file is already uptodate.
<./Figures/frame650BG-eps-converted-to.pdf, id=388, 552.0625pt x 412.54124pt>
File: ./Figures/frame650BG-eps-converted-to.pdf Graphic file (type pdf)
<use ./Figures/frame650BG-eps-converted-to.pdf>
Package pdftex.def Info: ./Figures/frame650BG-eps-converted-to.pdf  used on inp
ut line 608.
(pdftex.def)             Requested size: 172.79709pt x 187.9017pt.
Package epstopdf Info: Source file: <./Figures/frame650.eps>
(epstopdf)                    date: 2022-01-17 11:05:00
(epstopdf)                    size: 1400249 bytes
(epstopdf)             Output file: <./Figures/frame650-eps-converted-to.pdf>
(epstopdf)                    date: 2022-01-17 11:05:00
(epstopdf)                    size: 228867 bytes
(epstopdf)             Command: <repstopdf --outfile=./Figures/frame650-eps-con
verted-to.pdf ./Figures/frame650.eps>
(epstopdf)             \includegraphics on input line 611.
Package epstopdf Info: Output file is already uptodate.
<./Figures/frame650-eps-converted-to.pdf, id=390, 411.5375pt x 412.54124pt>
File: ./Figures/frame650-eps-converted-to.pdf Graphic file (type pdf)
<use ./Figures/frame650-eps-converted-to.pdf>
Package pdftex.def Info: ./Figures/frame650-eps-converted-to.pdf  used on input
 line 611.
(pdftex.def)             Requested size: 172.80061pt x 187.9017pt.
Package epstopdf Info: Source file: <./Figures/frame650cleaned.eps>
(epstopdf)                    date: 2022-01-17 11:05:00
(epstopdf)                    size: 1117743 bytes
(epstopdf)             Output file: <./Figures/frame650cleaned-eps-converted-to
.pdf>
(epstopdf)                    date: 2022-01-17 11:05:00
(epstopdf)                    size: 190927 bytes
(epstopdf)             Command: <repstopdf --outfile=./Figures/frame650cleaned-
eps-converted-to.pdf ./Figures/frame650cleaned.eps>
(epstopdf)             \includegraphics on input line 614.
Package epstopdf Info: Output file is already uptodate.
<./Figures/frame650cleaned-eps-converted-to.pdf, id=392, 411.5375pt x 412.54124
pt>
File: ./Figures/frame650cleaned-eps-converted-to.pdf Graphic file (type pdf)
<use ./Figures/frame650cleaned-eps-converted-to.pdf>
Package pdftex.def Info: ./Figures/frame650cleaned-eps-converted-to.pdf  used o
n input line 614.
(pdftex.def)             Requested size: 172.80061pt x 187.9017pt.
Package epstopdf Info: Source file: <./Figures/twoPlumeAveraged.eps>
(epstopdf)                    date: 2022-01-17 11:05:00
(epstopdf)                    size: 539255 bytes
(epstopdf)             Output file: <./Figures/twoPlumeAveraged-eps-converted-t
o.pdf>
(epstopdf)                    date: 2022-01-17 11:05:00
(epstopdf)                    size: 66602 bytes
(epstopdf)             Command: <repstopdf --outfile=./Figures/twoPlumeAveraged
-eps-converted-to.pdf ./Figures/twoPlumeAveraged.eps>
(epstopdf)             \includegraphics on input line 616.
Package epstopdf Info: Output file is already uptodate.
<./Figures/twoPlumeAveraged-eps-converted-to.pdf, id=394, 411.5375pt x 412.5412
4pt>
File: ./Figures/twoPlumeAveraged-eps-converted-to.pdf Graphic file (type pdf)
<use ./Figures/twoPlumeAveraged-eps-converted-to.pdf>
Package pdftex.def Info: ./Figures/twoPlumeAveraged-eps-converted-to.pdf  used 
on input line 616.
(pdftex.def)             Requested size: 172.80061pt x 187.9017pt.
Package epstopdf Info: Source file: <./Figures/twoNozzleInstantaneousExample.ep
s>
(epstopdf)                    date: 2022-01-17 11:05:00
(epstopdf)                    size: 833727 bytes
(epstopdf)             Output file: <./Figures/twoNozzleInstantaneousExample-ep
s-converted-to.pdf>
(epstopdf)                    date: 2022-01-17 11:05:00
(epstopdf)                    size: 149918 bytes
(epstopdf)             Command: <repstopdf --outfile=./Figures/twoNozzleInstant
aneousExample-eps-converted-to.pdf ./Figures/twoNozzleInstantaneousExample.eps>

(epstopdf)             \includegraphics on input line 625.
Package epstopdf Info: Output file is already uptodate.
<./Figures/twoNozzleInstantaneousExample-eps-converted-to.pdf, id=396, 401.5pt 
x 209.78375pt>
File: ./Figures/twoNozzleInstantaneousExample-eps-converted-to.pdf Graphic file
 (type pdf)
<use ./Figures/twoNozzleInstantaneousExample-eps-converted-to.pdf>
Package pdftex.def Info: ./Figures/twoNozzleInstantaneousExample-eps-converted-
to.pdf  used on input line 625.
(pdftex.def)             Requested size: 115.20335pt x 284.53252pt.
Package epstopdf Info: Source file: <./Figures/threeNozzleInstantaneousExample.
eps>
(epstopdf)                    date: 2022-01-17 11:05:00
(epstopdf)                    size: 862633 bytes
(epstopdf)             Output file: <./Figures/threeNozzleInstantaneousExample-
eps-converted-to.pdf>
(epstopdf)                    date: 2022-01-17 11:05:00
(epstopdf)                    size: 152867 bytes
(epstopdf)             Command: <repstopdf --outfile=./Figures/threeNozzleInsta
ntaneousExample-eps-converted-to.pdf ./Figures/threeNozzleInstantaneousExample.
eps>
(epstopdf)             \includegraphics on input line 626.
Package epstopdf Info: Output file is already uptodate.
<./Figures/threeNozzleInstantaneousExample-eps-converted-to.pdf, id=398, 401.5p
t x 209.78375pt>
File: ./Figures/threeNozzleInstantaneousExample-eps-converted-to.pdf Graphic fi
le (type pdf)
<use ./Figures/threeNozzleInstantaneousExample-eps-converted-to.pdf>
Package pdftex.def Info: ./Figures/threeNozzleInstantaneousExample-eps-converte
d-to.pdf  used on input line 626.
(pdftex.def)             Requested size: 115.20528pt x 284.53252pt.
Package epstopdf Info: Source file: <./Figures/fourNozzleInstantaneousExample.e
ps>
(epstopdf)                    date: 2022-01-17 11:05:00
(epstopdf)                    size: 859724 bytes
(epstopdf)             Output file: <./Figures/fourNozzleInstantaneousExample-e
ps-converted-to.pdf>
(epstopdf)                    date: 2022-01-17 11:05:00
(epstopdf)                    size: 151594 bytes
(epstopdf)             Command: <repstopdf --outfile=./Figures/fourNozzleInstan
taneousExample-eps-converted-to.pdf ./Figures/fourNozzleInstantaneousExample.ep
s>
(epstopdf)             \includegraphics on input line 627.
Package epstopdf Info: Output file is already uptodate.
<./Figures/fourNozzleInstantaneousExample-eps-converted-to.pdf, id=400, 401.5pt
 x 209.78375pt>
File: ./Figures/fourNozzleInstantaneousExample-eps-converted-to.pdf Graphic fil
e (type pdf)
<use ./Figures/fourNozzleInstantaneousExample-eps-converted-to.pdf>
Package pdftex.def Info: ./Figures/fourNozzleInstantaneousExample-eps-converted
-to.pdf  used on input line 627.
(pdftex.def)             Requested size: 115.20528pt x 284.53252pt.
Package epstopdf Info: Source file: <./Figures/twoPlumeAverage.eps>
(epstopdf)                    date: 2022-01-17 11:05:00
(epstopdf)                    size: 343325 bytes
(epstopdf)             Output file: <./Figures/twoPlumeAverage-eps-converted-to
.pdf>
(epstopdf)                    date: 2022-01-17 11:05:00
(epstopdf)                    size: 226937 bytes
(epstopdf)             Command: <repstopdf --outfile=./Figures/twoPlumeAverage-
eps-converted-to.pdf ./Figures/twoPlumeAverage.eps>
(epstopdf)             \includegraphics on input line 635.
Package epstopdf Info: Output file is already uptodate.
<./Figures/twoPlumeAverage-eps-converted-to.pdf, id=402, 401.5pt x 209.78375pt>

File: ./Figures/twoPlumeAverage-eps-converted-to.pdf Graphic file (type pdf)
<use ./Figures/twoPlumeAverage-eps-converted-to.pdf>
Package pdftex.def Info: ./Figures/twoPlumeAverage-eps-converted-to.pdf  used o
n input line 635.
(pdftex.def)             Requested size: 115.20335pt x 284.53252pt.
Package epstopdf Info: Source file: <./Figures/threePlumeAverage.eps>
(epstopdf)                    date: 2022-01-17 11:05:00
(epstopdf)                    size: 355410 bytes
(epstopdf)             Output file: <./Figures/threePlumeAverage-eps-converted-
to.pdf>
(epstopdf)                    date: 2022-01-17 11:05:00
(epstopdf)                    size: 238656 bytes
(epstopdf)             Command: <repstopdf --outfile=./Figures/threePlumeAverag
e-eps-converted-to.pdf ./Figures/threePlumeAverage.eps>
(epstopdf)             \includegraphics on input line 636.
Package epstopdf Info: Output file is already uptodate.
<./Figures/threePlumeAverage-eps-converted-to.pdf, id=404, 401.5pt x 209.78375p
t>
File: ./Figures/threePlumeAverage-eps-converted-to.pdf Graphic file (type pdf)
<use ./Figures/threePlumeAverage-eps-converted-to.pdf>
Package pdftex.def Info: ./Figures/threePlumeAverage-eps-converted-to.pdf  used
 on input line 636.
(pdftex.def)             Requested size: 115.20528pt x 284.53252pt.
Package epstopdf Info: Source file: <./Figures/fourPlumeAverage.eps>
(epstopdf)                    date: 2022-01-17 11:05:00
(epstopdf)                    size: 343423 bytes
(epstopdf)             Output file: <./Figures/fourPlumeAverage-eps-converted-t
o.pdf>
(epstopdf)                    date: 2022-01-17 11:05:00
(epstopdf)                    size: 218664 bytes
(epstopdf)             Command: <repstopdf --outfile=./Figures/fourPlumeAverage
-eps-converted-to.pdf ./Figures/fourPlumeAverage.eps>
(epstopdf)             \includegraphics on input line 637.
Package epstopdf Info: Output file is already uptodate.
<./Figures/fourPlumeAverage-eps-converted-to.pdf, id=406, 401.5pt x 209.78375pt
>
File: ./Figures/fourPlumeAverage-eps-converted-to.pdf Graphic file (type pdf)
<use ./Figures/fourPlumeAverage-eps-converted-to.pdf>
Package pdftex.def Info: ./Figures/fourPlumeAverage-eps-converted-to.pdf  used 
on input line 637.
(pdftex.def)             Requested size: 115.20528pt x 284.53252pt.

Underfull \hbox (badness 10000) in paragraph at lines 655--656

 []

Package epstopdf Info: Source file: <./Figures/twoPlumeDataWithErrorBars.eps>
(epstopdf)                    date: 2022-01-17 11:05:00
(epstopdf)                    size: 322083 bytes
(epstopdf)             Output file: <./Figures/twoPlumeDataWithErrorBars-eps-co
nverted-to.pdf>
(epstopdf)                    date: 2022-01-17 11:24:53
(epstopdf)                    size: 137080 bytes
(epstopdf)             Command: <repstopdf --outfile=./Figures/twoPlumeDataWith
ErrorBars-eps-converted-to.pdf ./Figures/twoPlumeDataWithErrorBars.eps>
(epstopdf)             \includegraphics on input line 658.
Package epstopdf Info: Output file is already uptodate.
<./Figures/twoPlumeDataWithErrorBars-eps-converted-to.pdf, id=411, 685.56125pt 
x 682.55pt>
File: ./Figures/twoPlumeDataWithErrorBars-eps-converted-to.pdf Graphic file (ty
pe pdf)
<use ./Figures/twoPlumeDataWithErrorBars-eps-converted-to.pdf>
Package pdftex.def Info: ./Figures/twoPlumeDataWithErrorBars-eps-converted-to.p
df  used on input line 658.
(pdftex.def)             Requested size: 172.79883pt x 172.03267pt.
Package epstopdf Info: Source file: <./Figures/threePlumeDataWithErrorBars.eps>

(epstopdf)                    date: 2022-01-17 11:05:00
(epstopdf)                    size: 304613 bytes
(epstopdf)             Output file: <./Figures/threePlumeDataWithErrorBars-eps-
converted-to.pdf>
(epstopdf)                    date: 2022-01-17 11:25:22
(epstopdf)                    size: 130592 bytes
(epstopdf)             Command: <repstopdf --outfile=./Figures/threePlumeDataWi
thErrorBars-eps-converted-to.pdf ./Figures/threePlumeDataWithErrorBars.eps>
(epstopdf)             \includegraphics on input line 659.
Package epstopdf Info: Output file is already uptodate.
<./Figures/threePlumeDataWithErrorBars-eps-converted-to.pdf, id=412, 685.56125p
t x 682.55pt>
File: ./Figures/threePlumeDataWithErrorBars-eps-converted-to.pdf Graphic file (
type pdf)
<use ./Figures/threePlumeDataWithErrorBars-eps-converted-to.pdf>
Package pdftex.def Info: ./Figures/threePlumeDataWithErrorBars-eps-converted-to
.pdf  used on input line 659.
(pdftex.def)             Requested size: 172.79883pt x 172.03267pt.
Package epstopdf Info: Source file: <./Figures/fourPlumeDataWithErrorBars.eps>
(epstopdf)                    date: 2022-01-17 11:05:00
(epstopdf)                    size: 301270 bytes
(epstopdf)             Output file: <./Figures/fourPlumeDataWithErrorBars-eps-c
onverted-to.pdf>
(epstopdf)                    date: 2022-01-17 11:25:23
(epstopdf)                    size: 132848 bytes
(epstopdf)             Command: <repstopdf --outfile=./Figures/fourPlumeDataWit
hErrorBars-eps-converted-to.pdf ./Figures/fourPlumeDataWithErrorBars.eps>
(epstopdf)             \includegraphics on input line 661.
Package epstopdf Info: Output file is already uptodate.
<./Figures/fourPlumeDataWithErrorBars-eps-converted-to.pdf, id=413, 685.56125pt
 x 682.55pt>
File: ./Figures/fourPlumeDataWithErrorBars-eps-converted-to.pdf Graphic file (t
ype pdf)
<use ./Figures/fourPlumeDataWithErrorBars-eps-converted-to.pdf>
Package pdftex.def Info: ./Figures/fourPlumeDataWithErrorBars-eps-converted-to.
pdf  used on input line 661.
(pdftex.def)             Requested size: 172.79883pt x 172.03267pt.
Package epstopdf Info: Source file: <./Figures/triangularDataWithViewCorrection
AndErrorBars.eps>
(epstopdf)                    date: 2022-01-17 11:05:00
(epstopdf)                    size: 347979 bytes
(epstopdf)             Output file: <./Figures/triangularDataWithViewCorrection
AndErrorBars-eps-converted-to.pdf>
(epstopdf)                    date: 2022-01-17 11:25:23
(epstopdf)                    size: 150137 bytes
(epstopdf)             Command: <repstopdf --outfile=./Figures/triangularDataWi
thViewCorrectionAndErrorBars-eps-converted-to.pdf ./Figures/triangularDataWithV
iewCorrectionAndErrorBars.eps>
(epstopdf)             \includegraphics on input line 662.
Package epstopdf Info: Output file is already uptodate.
<./Figures/triangularDataWithViewCorrectionAndErrorBars-eps-converted-to.pdf, i
d=414, 685.56125pt x 682.55pt>
File: ./Figures/triangularDataWithViewCorrectionAndErrorBars-eps-converted-to.p
df Graphic file (type pdf)
<use ./Figures/triangularDataWithViewCorrectionAndErrorBars-eps-converted-to.pd
f>
Package pdftex.def Info: ./Figures/triangularDataWithViewCorrectionAndErrorBars
-eps-converted-to.pdf  used on input line 662.
(pdftex.def)             Requested size: 172.79883pt x 172.03267pt.
Package epstopdf Info: Source file: <./Figures/gridDataWithViewCorrectionAndErr
orBars.eps>
(epstopdf)                    date: 2022-01-17 11:05:00
(epstopdf)                    size: 336238 bytes
(epstopdf)             Output file: <./Figures/gridDataWithViewCorrectionAndErr
orBars-eps-converted-to.pdf>
(epstopdf)                    date: 2022-01-17 11:25:24
(epstopdf)                    size: 148420 bytes
(epstopdf)             Command: <repstopdf --outfile=./Figures/gridDataWithView
CorrectionAndErrorBars-eps-converted-to.pdf ./Figures/gridDataWithViewCorrectio
nAndErrorBars.eps>
(epstopdf)             \includegraphics on input line 664.
Package epstopdf Info: Output file is already uptodate.
<./Figures/gridDataWithViewCorrectionAndErrorBars-eps-converted-to.pdf, id=415,
 685.56125pt x 682.55pt>
File: ./Figures/gridDataWithViewCorrectionAndErrorBars-eps-converted-to.pdf Gra
phic file (type pdf)
<use ./Figures/gridDataWithViewCorrectionAndErrorBars-eps-converted-to.pdf>
Package pdftex.def Info: ./Figures/gridDataWithViewCorrectionAndErrorBars-eps-c
onverted-to.pdf  used on input line 664.
(pdftex.def)             Requested size: 172.79883pt x 172.03267pt.
Package epstopdf Info: Source file: <./Figures/allDataCorrected.eps>
(epstopdf)                    date: 2022-01-17 11:34:56
(epstopdf)                    size: 141988 bytes
(epstopdf)             Output file: <./Figures/allDataCorrected-eps-converted-t
o.pdf>
(epstopdf)                    date: 2022-01-17 11:35:46
(epstopdf)                    size: 73537 bytes
(epstopdf)             Command: <repstopdf --outfile=./Figures/allDataCorrected
-eps-converted-to.pdf ./Figures/allDataCorrected.eps>
(epstopdf)             \includegraphics on input line 665.
Package epstopdf Info: Output file is already uptodate.
<./Figures/allDataCorrected-eps-converted-to.pdf, id=416, 674.52pt x 712.6625pt
>
File: ./Figures/allDataCorrected-eps-converted-to.pdf Graphic file (type pdf)
<use ./Figures/allDataCorrected-eps-converted-to.pdf>
Package pdftex.def Info: ./Figures/allDataCorrected-eps-converted-to.pdf  used 
on input line 665.
(pdftex.def)             Requested size: 171.63495pt x 171.64058pt.
[20]
Underfull \vbox (badness 4072) has occurred while \output is active []

 [21 <./Figures/frame650BG-eps-converted-to.pdf> <./Figures/frame650-eps-conver
ted-to.pdf> <./Figures/frame650cleaned-eps-converted-to.pdf> <./Figures/twoPlum
eAveraged-eps-converted-to.pdf>] [22 <./Figures/twoNozzleInstantaneousExample-e
ps-converted-to.pdf> <./Figures/threeNozzleInstantaneousExample-eps-converted-t
o.pdf> <./Figures/fourNozzleInstantaneousExample-eps-converted-to.pdf> <./Figur
es/twoPlumeAverage-eps-converted-to.pdf> <./Figures/threePlumeAverage-eps-conve
rted-to.pdf> <./Figures/fourPlumeAverage-eps-converted-to.pdf>]
Underfull \hbox (badness 10000) in paragraph at lines 688--689

 []


Underfull \vbox (badness 8038) has occurred while \output is active []

 [23 <./Figures/twoPlumeDataWithErrorBars-eps-converted-to.pdf> <./Figures/thre
ePlumeDataWithErrorBars-eps-converted-to.pdf> <./Figures/fourPlumeDataWithError
Bars-eps-converted-to.pdf> <./Figures/triangularDataWithViewCorrectionAndErrorB
ars-eps-converted-to.pdf> <./Figures/gridDataWithViewCorrectionAndErrorBars-eps
-converted-to.pdf> <./Figures/allDataCorrected-eps-converted-to.pdf>]
Underfull \hbox (badness 10000) in paragraph at lines 690--691

 []

(./stillwaterplumes.bbl
LaTeX Font Info:    Font shape `T1/ntxtlf/m/sc' will be
(Font)              scaled to size 9.0pt on input line 1.
LaTeX Font Info:    Font shape `T1/ntxtlf/m/it' will be
(Font)              scaled to size 9.0pt on input line 10.
LaTeX Font Info:    Font shape `T1/ntxtlf/b/n' will be
(Font)              scaled to size 9.0pt on input line 10.
) [24] (./stillwaterplumes.aux)

LaTeX Font Warning: Size substitutions with differences
(Font)              up to 0.45pt have occurred.

Package rerunfilecheck Info: File `stillwaterplumes.out' has not changed.
(rerunfilecheck)             Checksum: F09BDDAC6D11DA2C868B923CAA1C3291;2280.
 ) 
Here is how much of TeX's memory you used:
 25264 strings out of 478994
 439246 string characters out of 5858189
 711574 words of memory out of 5000000
 42056 multiletter control sequences out of 15000+600000
 531899 words of font info for 227 fonts, out of 8000000 for 9000
 1141 hyphenation exceptions out of 8191
 87i,21n,89p,1129b,490s stack positions out of 5000i,500n,10000p,200000b,80000s
{/usr/local/texlive/2021/texmf-dist/fonts/enc/dvips/newtx/ntx-ec-tlf-pc.enc}{
/usr/local/texlive/2021/texmf-dist/fonts/enc/dvips/newtx/ntx-ot1-tlf.enc}{/usr/
local/texlive/2021/texmf-dist/fonts/enc/dvips/newtx/ntx-ec-tlf.enc}</usr/local/
texlive/2021/texmf-dist/fonts/type1/public/newtx/NewTXMI.pfb></usr/local/texliv
e/2021/texmf-dist/fonts/type1/public/newtx/NewTXMI5.pfb></usr/local/texlive/202
1/texmf-dist/fonts/type1/public/newtx/NewTXMI7.pfb></usr/local/texlive/2021/tex
mf-dist/fonts/type1/public/amsfonts/latxfont/lcircle1.pfb></usr/local/texlive/2
021/texmf-dist/fonts/type1/public/amsfonts/symbols/msam10.pfb></usr/local/texli
ve/2021/texmf-dist/fonts/type1/public/txfonts/t1xtt.pfb></usr/local/texlive/202
1/texmf-dist/fonts/type1/public/newtx/txexas.pfb></usr/local/texlive/2021/texmf
-dist/fonts/type1/public/newtx/txexs.pfb></usr/local/texlive/2021/texmf-dist/fo
nts/type1/public/newtx/txmiaX.pfb></usr/local/texlive/2021/texmf-dist/fonts/typ
e1/public/txfonts/txsyb.pfb></usr/local/texlive/2021/texmf-dist/fonts/type1/pub
lic/newtx/txsys.pfb></usr/local/texlive/2021/texmf-dist/fonts/type1/public/newt
x/ztmb.pfb></usr/local/texlive/2021/texmf-dist/fonts/type1/public/newtx/ztmr.pf
b></usr/local/texlive/2021/texmf-dist/fonts/type1/public/newtx/ztmri.pfb>
Output written on stillwaterplumes.pdf (24 pages, 3563996 bytes).
PDF statistics:
 607 PDF objects out of 1000 (max. 8388607)
 494 compressed objects within 5 object streams
 173 named destinations out of 1000 (max. 500000)
 311 words of extra memory for PDF output out of 10000 (max. 10000000)

